--------- beginning of system
--------- beginning of main
09-15 15:57:16.794 19580 19721 I IntegrationHelper: Verifying Integration:
09-15 15:57:16.794 19580 19721 I IntegrationHelper: *** Permissions ***
09-15 15:57:16.795 19580 19721 I IntegrationHelper: android.permission.INTERNET - VERIFIED
09-15 15:57:16.795 19580 19721 I IntegrationHelper: android.permission.ACCESS_NETWORK_STATE - VERIFIED
09-15 15:57:16.795 19580 19721 I IntegrationHelper: --------------- AdColony --------------
09-15 15:57:16.797 19580 19721 I IntegrationHelper: Adapter 4.3.8 - VERIFIED
09-15 15:57:16.797 19580 19721 I IntegrationHelper: Adapter - VERIFIED
09-15 15:57:16.797 19580 19721 I IntegrationHelper: *** Activities ***
09-15 15:57:16.799 19580 19721 I IntegrationHelper: com.adcolony.sdk.AdColonyInterstitialActivity - VERIFIED
09-15 15:57:16.800 19580 19721 I IntegrationHelper: com.adcolony.sdk.AdColonyAdViewActivity - VERIFIED
09-15 15:57:16.835 19580 19721 I IntegrationHelper: >>>> AdColony - VERIFIED
09-15 15:57:16.835 19580 19721 I IntegrationHelper: --------------- AdMob --------------
09-15 15:57:16.836 19580 19721 I IntegrationHelper: Adapter 4.3.21 - VERIFIED
09-15 15:57:16.836 19580 19721 I IntegrationHelper: Adapter - VERIFIED
09-15 15:57:16.836 19580 19721 I IntegrationHelper: *** Activities ***
09-15 15:57:16.838 19580 19721 I IntegrationHelper: com.google.android.gms.ads.AdActivity - VERIFIED
09-15 15:57:16.868 19580 19721 I IntegrationHelper: >>>> AdMob - VERIFIED
09-15 15:57:16.868 19580 19721 I IntegrationHelper: --------------- Amazon --------------
09-15 15:57:16.869 19580 19721 I IntegrationHelper: Adapter 4.3.3 - VERIFIED
09-15 15:57:16.869 19580 19721 I IntegrationHelper: Adapter - VERIFIED
09-15 15:57:16.870 19580 19721 I IntegrationHelper: SDK Version - amznAdSDK-android-6.0.0
09-15 15:57:16.870 19580 19721 I IntegrationHelper: *** Activities ***
09-15 15:57:16.879 19580 19721 I IntegrationHelper: com.amazon.device.ads.AdActivity - VERIFIED
09-15 15:57:16.909 19580 19721 I IntegrationHelper: >>>> Amazon - VERIFIED
09-15 15:57:16.909 19580 19721 I IntegrationHelper: --------------- AppLovin --------------
09-15 15:57:16.910 19580 19721 I IntegrationHelper: Adapter 4.3.26 - VERIFIED
09-15 15:57:16.910 19580 19721 I IntegrationHelper: Adapter - VERIFIED
09-15 15:57:16.910 19580 19721 I IntegrationHelper: SDK Version - 10.3.1
09-15 15:57:16.910 19580 19721 I IntegrationHelper: *** Activities ***
09-15 15:57:16.912 19580 19721 I IntegrationHelper: com.applovin.adview.AppLovinInterstitialActivity - VERIFIED
09-15 15:57:16.912 19580 19721 I IntegrationHelper: com.applovin.sdk.AppLovinWebViewActivity - VERIFIED
09-15 15:57:16.917 19580 19721 I IntegrationHelper: com.applovin.adview.AppLovinFullscreenActivity - VERIFIED
09-15 15:57:16.946 19580 19721 I IntegrationHelper: >>>> AppLovin - VERIFIED
09-15 15:57:16.946 19580 19721 I IntegrationHelper: --------------- Chartboost --------------
09-15 15:57:16.946 19580 19721 E IntegrationHelper: Adapter - MISSING
09-15 15:57:16.946 19580 19721 E IntegrationHelper: >>>> Chartboost - NOT VERIFIED
09-15 15:57:16.946 19580 19721 I IntegrationHelper: --------------- Facebook --------------
09-15 15:57:16.947 19580 19721 I IntegrationHelper: Adapter 4.3.27 - VERIFIED
09-15 15:57:16.947 19580 19721 I IntegrationHelper: Adapter - VERIFIED
09-15 15:57:16.947 19580 19721 I IntegrationHelper: SDK Version - 6.5.0
09-15 15:57:16.947 19580 19721 I IntegrationHelper: *** Activities ***
09-15 15:57:16.947 19580 19721 I IntegrationHelper: com.facebook.ads.AudienceNetworkActivity - VERIFIED
09-15 15:57:16.977 19580 19721 I IntegrationHelper: >>>> Facebook - VERIFIED
09-15 15:57:16.977 19580 19721 I IntegrationHelper: --------------- Fyber --------------
09-15 15:57:16.978 19580 19721 I IntegrationHelper: Adapter 4.3.14 - VERIFIED
09-15 15:57:16.978 19580 19721 I IntegrationHelper: Adapter - VERIFIED
09-15 15:57:16.978 19580 19721 I IntegrationHelper: SDK Version - 7.8.3
09-15 15:57:16.978 19580 19721 I IntegrationHelper: *** Activities ***
09-15 15:57:16.979 19580 19721 I IntegrationHelper: com.fyber.inneractive.sdk.activities.InneractiveInternalBrowserActivity - VERIFIED
09-15 15:57:16.980 19580 19721 I IntegrationHelper: com.fyber.inneractive.sdk.activities.InneractiveFullscreenAdActivity - VERIFIED
09-15 15:57:16.981 19580 19721 I IntegrationHelper: com.fyber.inneractive.sdk.activities.InneractiveRichMediaVideoPlayerActivityCore - VERIFIED
09-15 15:57:17.014 19580 19721 I IntegrationHelper: >>>> Fyber - VERIFIED
09-15 15:57:17.014 19580 19721 I IntegrationHelper: --------------- HyprMX --------------
09-15 15:57:17.015 19580 19721 I IntegrationHelper: Adapter 4.1.8 - VERIFIED
09-15 15:57:17.015 19580 19721 I IntegrationHelper: Adapter - VERIFIED
09-15 15:57:17.016 19580 19721 I IntegrationHelper: SDK Version - 5.1.2
09-15 15:57:17.071 19580 19721 I IntegrationHelper: >>>> HyprMX - VERIFIED
09-15 15:57:17.071 19580 19721 I IntegrationHelper: --------------- InMobi --------------
09-15 15:57:17.072 19580 19721 I IntegrationHelper: Adapter 4.3.10 - VERIFIED
09-15 15:57:17.072 19580 19721 I IntegrationHelper: Adapter - VERIFIED
09-15 15:57:17.072 19580 19721 I IntegrationHelper: SDK Version - 9.1.9
09-15 15:57:17.072 19580 19721 I IntegrationHelper: *** Activities ***
09-15 15:57:17.073 19580 19721 I IntegrationHelper: com.inmobi.ads.rendering.InMobiAdActivity - VERIFIED
09-15 15:57:17.073 19580 19721 I IntegrationHelper: *** External Libraries ***
09-15 15:57:17.073 19580 19721 I IntegrationHelper: picasso:2.71828 - VERIFIED
09-15 15:57:17.105 19580 19721 I IntegrationHelper: >>>> InMobi - VERIFIED
09-15 15:57:17.105 19580 19721 I IntegrationHelper: --------------- IronSource  --------------
09-15 15:57:17.106 19580 19721 I IntegrationHelper: Adapter 7.1.6 - VERIFIED
09-15 15:57:17.106 19580 19721 I IntegrationHelper: SDK Version - 5.100
09-15 15:57:17.106 19580 19721 I IntegrationHelper: *** Activities ***
09-15 15:57:17.108 19580 19721 I IntegrationHelper: com.ironsource.sdk.controller.ControllerActivity - VERIFIED
09-15 15:57:17.109 19580 19721 I IntegrationHelper: com.ironsource.sdk.controller.InterstitialActivity - VERIFIED
09-15 15:57:17.110 19580 19721 I IntegrationHelper: com.ironsource.sdk.controller.OpenUrlActivity - VERIFIED
09-15 15:57:17.140 19580 19721 I IntegrationHelper: *** Content Providers ***
09-15 15:57:17.140 19580 19721 D IntegrationHelper: com.ironsource.lifecycle.IronsourceLifecycleProvider- VERIFIED
09-15 15:57:17.140 19580 19721 I IntegrationHelper: >>>> IronSource - VERIFIED
09-15 15:57:17.140 19580 19721 I IntegrationHelper: --------------- Maio --------------
09-15 15:57:17.141 19580 19721 E IntegrationHelper: Adapter - MISSING
09-15 15:57:17.141 19580 19721 E IntegrationHelper: >>>> Maio - NOT VERIFIED
09-15 15:57:17.141 19580 19721 I IntegrationHelper: --------------- MyTarget --------------
09-15 15:57:17.141 19580 19721 E IntegrationHelper: Adapter - MISSING
09-15 15:57:17.141 19580 19721 E IntegrationHelper: >>>> MyTarget - NOT VERIFIED
09-15 15:57:17.141 19580 19721 I IntegrationHelper: --------------- Pangle --------------
09-15 15:57:17.141 19580 19721 E IntegrationHelper: Adapter - MISSING
09-15 15:57:17.141 19580 19721 E IntegrationHelper: >>>> Pangle - NOT VERIFIED
09-15 15:57:17.141 19580 19721 I IntegrationHelper: --------------- Smaato --------------
09-15 15:57:17.141 19580 19721 I IntegrationHelper: Adapter 4.3.2 - VERIFIED
09-15 15:57:17.141 19580 19721 I IntegrationHelper: Adapter - VERIFIED
09-15 15:57:17.142 19580 19721 I IntegrationHelper: SDK Version - 21.5.9
09-15 15:57:17.174 19580 19721 I IntegrationHelper: >>>> Smaato - VERIFIED
09-15 15:57:17.174 19580 19721 I IntegrationHelper: --------------- Tapjoy --------------
09-15 15:57:17.176 19580 19721 I IntegrationHelper: Adapter 4.1.16 - VERIFIED
09-15 15:57:17.176 19580 19721 I IntegrationHelper: Adapter - VERIFIED
09-15 15:57:17.176 19580 19721 I IntegrationHelper: SDK Version - 12.8.0
09-15 15:57:17.176 19580 19721 I IntegrationHelper: *** Activities ***
09-15 15:57:17.177 19580 19721 I IntegrationHelper: com.tapjoy.TJAdUnitActivity - VERIFIED
09-15 15:57:17.178 19580 19721 I IntegrationHelper: com.tapjoy.TJContentActivity - VERIFIED
09-15 15:57:17.210 19580 19721 I IntegrationHelper: >>>> Tapjoy - VERIFIED
09-15 15:57:17.210 19580 19721 I IntegrationHelper: --------------- UnityAds --------------
09-15 15:57:17.211 19580 19721 I IntegrationHelper: Adapter 4.3.11 - VERIFIED
09-15 15:57:17.211 19580 19721 I IntegrationHelper: Adapter - VERIFIED
09-15 15:57:17.211 19580 19721 I IntegrationHelper: SDK Version - 3.7.2
09-15 15:57:17.211 19580 19721 I IntegrationHelper: *** Activities ***
09-15 15:57:17.213 19580 19721 I IntegrationHelper: com.unity3d.services.ads.adunit.AdUnitActivity - VERIFIED
09-15 15:57:17.213 19580 19721 I IntegrationHelper: com.unity3d.services.ads.adunit.AdUnitTransparentActivity - VERIFIED
09-15 15:57:17.214 19580 19721 I IntegrationHelper: com.unity3d.services.ads.adunit.AdUnitTransparentSoftwareActivity - VERIFIED
09-15 15:57:17.214 19580 19721 I IntegrationHelper: com.unity3d.services.ads.adunit.AdUnitSoftwareActivity - VERIFIED
09-15 15:57:17.252 19580 19721 I IntegrationHelper: >>>> UnityAds - VERIFIED
09-15 15:57:17.252 19580 19721 I IntegrationHelper: --------------- Vungle --------------
09-15 15:57:17.253 19580 19721 I IntegrationHelper: Adapter 4.3.8 - VERIFIED
09-15 15:57:17.253 19580 19721 I IntegrationHelper: Adapter - VERIFIED
09-15 15:57:17.253 19580 19721 I IntegrationHelper: SDK Version - 6.9.1
09-15 15:57:17.291 19580 19721 I IntegrationHelper: >>>> Vungle - VERIFIED
09-15 15:57:17.292 19580 19754 W IntegrationHelper: --------------- Google Play Services --------------
09-15 15:57:17.293 19580 19754 I IntegrationHelper: Google Play Services - VERIFIED
09-15 15:57:17.304 19580 19754 I IntegrationHelper: GAID is: 3a14fa1b-417b-4093-ae3d-10ca1ad1abe1 (use this for test devices)
